Exporter version: 2.80.0, Blender version: 2.91.0
========= Conversion from Blender to Babylon.js =========
	Scene settings used :
		Inline textures     :  true
		Material Type       :  PBR
		Positions Precision :  4
		Normals Precision   :  3
		UVs Precision       :  3
		Vert Color Precision:  3
		Mat Weight Precision:  2
		Keep Z-up r-handed  :  no
	Python World class constructor completed
	WARNING: No active camera has been assigned, or is not in a currently selected Blender layer
	processing begun of mesh:  平面
		processing begun of material:  地面
			WARNING: Metal channel baking required, but not possible, ignored
			WARNING: Roughness channel baking required, but not possible, ignored
			WARNING: Refraction channel baking required, but not possible, ignored
========= An error was encountered =========
  File "C:\Users\jinxi\AppData\Roaming\Blender Foundation\Blender\2.91\scripts\addons\babylon_js\json_exporter.py", line 115, in execute
    mesh = Mesh(object, scene, self)
  File "C:\Users\jinxi\AppData\Roaming\Blender Foundation\Blender\2.91\scripts\addons\babylon_js\mesh.py", line 146, in __init__
    recipe = BakingRecipe(bpyMesh, exporter)
  File "C:\Users\jinxi\AppData\Roaming\Blender Foundation\Blender\2.91\scripts\addons\babylon_js\materials\baking_recipe.py", line 105, in __init__
    self.bakedMaterial.bake(bpyMesh, self)
  File "C:\Users\jinxi\AppData\Roaming\Blender Foundation\Blender\2.91\scripts\addons\babylon_js\materials\material.py", line 139, in bake
    bpy.ops.uv.smart_project(angle_limit = 66.0, island_margin = 0.0, user_area_weight = 1.0, use_aspect = True, stretch_to_bounds = True)
  File "C:\Program Files\Blender Foundation\Blender 2.91\2.91\scripts\modules\bpy\ops.py", line 132, in __call__
    ret = _op_call(self.idname_py(), None, kw)
ERROR:  Converting py args to operator properties: : keyword "user_area_weight" unrecognized
========= end of processing =========
elapsed time:  0 min, 0.1657 secs
