Exporter version: 2.80.0, Blender version: 2.91.0
========= Conversion from Blender to Babylon.js =========
	Scene settings used :
		Inline textures     :  false
		Material Type       :  PBR
		Positions Precision :  4
		Normals Precision   :  3
		UVs Precision       :  3
		Vert Color Precision:  3
		Mat Weight Precision:  2
		Keep Z-up r-handed  :  no
		Texture directory   :  D:\CUIT\ForeEnd\jinx.babylonjs\blender\
	Python World class constructor completed
	WARNING: No active camera has been assigned, or is not in a currently selected Blender layer
	processing begun of mesh:  平面
		WARNING: No materials have been assigned: 
		num positions      :  30
		num normals        :  30
		num tangents       :  0
		num uvs            :  60
		num uvs2           :  0
		num colors         :  0
		num triangles      :  12
	processing begun of mesh:  B01 Grass Wild Clump 02
		processing begun of material:  杂草
		Custom split normals with tangents being used
		num positions      :  11237
		num normals        :  11237
		num tangents       :  44948
		num uvs            :  22474
		num uvs2           :  0
		num colors         :  0
		num triangles      :  6557
	processing begun of mesh:  B01 Grass Wild Clump 02.001
		processing begun of material:  杂草
		registered as also a user of material:  杂草
		Custom split normals with tangents being used
		num positions      :  11237
		num normals        :  11237
		num tangents       :  44948
		num uvs            :  22474
		num uvs2           :  0
		num colors         :  0
		num triangles      :  6557
	processing begun of mesh:  B01 Grass Wild Clump 02.002
		processing begun of material:  杂草
		registered as also a user of material:  杂草
		Custom split normals with tangents being used
		num positions      :  11237
		num normals        :  11237
		num tangents       :  44948
		num uvs            :  22474
		num uvs2           :  0
		num colors         :  0
		num triangles      :  6557
	processing begun of mesh:  B01 Grass Wild Clump 02.003
		processing begun of material:  杂草
		registered as also a user of material:  杂草
		Custom split normals with tangents being used
		num positions      :  11237
		num normals        :  11237
		num tangents       :  44948
		num uvs            :  22474
		num uvs2           :  0
		num colors         :  0
		num triangles      :  6557
	processing begun of mesh:  B01 Grass Wild Clump 02.004
		processing begun of material:  杂草
		registered as also a user of material:  杂草
		Custom split normals with tangents being used
		num positions      :  11237
		num normals        :  11237
		num tangents       :  44948
		num uvs            :  22474
		num uvs2           :  0
		num colors         :  0
		num triangles      :  6557
	processing begun of mesh:  B01 Grass Wild Clump 02.005
		processing begun of material:  杂草
		registered as also a user of material:  杂草
		Custom split normals with tangents being used
		num positions      :  11237
		num normals        :  11237
		num tangents       :  44948
		num uvs            :  22474
		num uvs2           :  0
		num colors         :  0
		num triangles      :  6557
	processing begun of mesh:  White Spruce
		processing begun of material:  树1树干
		processing begun of material:  树1叶子
		processing begun of multimaterial:  Ash.Multimaterial#0
		num positions      :  52555
		num normals        :  52555
		num tangents       :  0
		num uvs            :  105110
		num uvs2           :  0
		num colors         :  210220
		num triangles      :  25296
	processing begun of mesh:  American Larch
		processing begun of material:  树2树干
		processing begun of material:  树2叶子
		processing begun of multimaterial:  Ash.Multimaterial#1
		num positions      :  457416
		num normals        :  457416
		num tangents       :  0
		num uvs            :  914832
		num uvs2           :  0
		num colors         :  1829664
		num triangles      :  441469
	processing begun of mesh:  American Larch.001
		processing begun of material:  树2树干
		processing begun of material:  树2叶子
		registered as also a user of material:  树2树干
		registered as also a user of material:  树2叶子
		processing begun of multimaterial:  Ash.Multimaterial#2
		num positions      :  457416
		num normals        :  457416
		num tangents       :  0
		num uvs            :  914832
		num uvs2           :  0
		num colors         :  1829664
		num triangles      :  441469
	processing begun of mesh:  White Spruce.001
		processing begun of material:  树1树干
		processing begun of material:  树1叶子
		registered as also a user of material:  树1树干
		registered as also a user of material:  树1叶子
		processing begun of multimaterial:  Ash.Multimaterial#3
		num positions      :  52555
		num normals        :  52555
		num tangents       :  0
		num uvs            :  105110
		num uvs2           :  0
		num colors         :  210220
		num triangles      :  25296
	processing begun of mesh:  White Spruce.002
		processing begun of material:  树1树干
		processing begun of material:  树1叶子
		registered as also a user of material:  树1树干
		registered as also a user of material:  树1叶子
		processing begun of multimaterial:  Ash.Multimaterial#4
		num positions      :  52555
		num normals        :  52555
		num tangents       :  0
		num uvs            :  105110
		num uvs2           :  0
		num colors         :  210220
		num triangles      :  25296
	processing begun of mesh:  White Spruce.003
		processing begun of material:  树1树干
		processing begun of material:  树1叶子
		registered as also a user of material:  树1树干
		registered as also a user of material:  树1叶子
		processing begun of multimaterial:  Ash.Multimaterial#5
		num positions      :  52555
		num normals        :  52555
		num tangents       :  0
		num uvs            :  105110
		num uvs2           :  0
		num colors         :  210220
		num triangles      :  25296
	processing begun of mesh:  American Larch.002
		processing begun of material:  树2树干
		processing begun of material:  树2叶子
		registered as also a user of material:  树2树干
		registered as also a user of material:  树2叶子
		processing begun of multimaterial:  Ash.Multimaterial#6
		num positions      :  457416
		num normals        :  457416
		num tangents       :  0
		num uvs            :  914832
		num uvs2           :  0
		num colors         :  1829664
		num triangles      :  441469
	processing begun of mesh:  American Larch.003
		processing begun of material:  树2树干
		processing begun of material:  树2叶子
		registered as also a user of material:  树2树干
		registered as also a user of material:  树2叶子
		processing begun of multimaterial:  Ash.Multimaterial#7
		num positions      :  457416
		num normals        :  457416
		num tangents       :  0
		num uvs            :  914832
		num uvs2           :  0
		num colors         :  1829664
		num triangles      :  441469
========= Writing of JSON file started =========
	writing mesh:  平面
	writing mesh:  B01 Grass Wild Clump 02
	writing mesh:  B01 Grass Wild Clump 02.001
	writing mesh:  B01 Grass Wild Clump 02.002
	writing mesh:  B01 Grass Wild Clump 02.003
	writing mesh:  B01 Grass Wild Clump 02.004
	writing mesh:  B01 Grass Wild Clump 02.005
	writing mesh:  White Spruce
	writing mesh:  American Larch
	writing mesh:  American Larch.001
	writing mesh:  White Spruce.001
	writing mesh:  White Spruce.002
	writing mesh:  White Spruce.003
	writing mesh:  American Larch.002
	writing mesh:  American Larch.003
========= Writing of JSON file completed =========
========= end of processing =========
elapsed time:  3 min, 35.013 secs
