Exporter version: 2.80.0, Blender version: 2.91.0
========= Conversion from Blender to Babylon.js =========
	Scene settings used :
		Inline textures     :  true
		Material Type       :  PBR
		Positions Precision :  4
		Normals Precision   :  3
		UVs Precision       :  3
		Vert Color Precision:  3
		Mat Weight Precision:  2
		Keep Z-up r-handed  :  no
	Python World class constructor completed
	WARNING: No active camera has been assigned, or is not in a currently selected Blender layer
	processing begun of mesh:  平面
		processing begun of material:  地面
		num positions      :  4
		num normals        :  4
		num tangents       :  0
		num uvs            :  8
		num uvs2           :  8
		num colors         :  0
		num triangles      :  2
	processing begun of mesh:  石头组003
		processing begun of material:  rock.002
			WARNING: unsupported node type(ShaderNodeValToRGB) will trigger baking
			WARNING: unsupported node type(ShaderNodeMixRGB) will trigger baking
			Baking texture, type: DIFFUSE, mapped using: UV 贴图
			processing texture baked_003_DIFFUSE
				texture type:  diffuseTexture, mapped using: "UV 贴图"
			bake time:  0 min, 7.3085 secs
		num positions      :  12907
		num normals        :  12907
		num tangents       :  0
		num uvs            :  25814
		num uvs2           :  0
		num colors         :  0
		num triangles      :  5066
		WARNING: # of 0 area faces found:  6
	processing begun of mesh:  石头组004
		processing begun of material:  rock.002
			WARNING: unsupported node type(ShaderNodeValToRGB) will trigger baking
			WARNING: unsupported node type(ShaderNodeMixRGB) will trigger baking
			Baking texture, type: DIFFUSE, mapped using: UV 贴图
			processing texture baked_004_DIFFUSE
				texture type:  diffuseTexture, mapped using: "UV 贴图"
			bake time:  0 min, 7.0335 secs
		num positions      :  10781
		num normals        :  10781
		num tangents       :  0
		num uvs            :  21562
		num uvs2           :  0
		num colors         :  0
		num triangles      :  4232
		WARNING: # of 0 area faces found:  6
	processing begun of mesh:  石头组002
		processing begun of material:  rock.002
			WARNING: unsupported node type(ShaderNodeValToRGB) will trigger baking
			WARNING: unsupported node type(ShaderNodeMixRGB) will trigger baking
			Baking texture, type: DIFFUSE, mapped using: UV 贴图
			processing texture baked_002_DIFFUSE
				texture type:  diffuseTexture, mapped using: "UV 贴图"
			bake time:  0 min, 7.15 secs
		num positions      :  9463
		num normals        :  9463
		num tangents       :  0
		num uvs            :  18926
		num uvs2           :  0
		num colors         :  0
		num triangles      :  3794
		WARNING: # of 0 area faces found:  8
	processing begun of mesh:  石头组001
		processing begun of material:  rock.002
			WARNING: unsupported node type(ShaderNodeValToRGB) will trigger baking
			WARNING: unsupported node type(ShaderNodeMixRGB) will trigger baking
			Baking texture, type: DIFFUSE, mapped using: UV 贴图
			processing texture baked_001_DIFFUSE
				texture type:  diffuseTexture, mapped using: "UV 贴图"
			bake time:  0 min, 7.0855 secs
		num positions      :  9420
		num normals        :  9420
		num tangents       :  0
		num uvs            :  18840
		num uvs2           :  0
		num colors         :  0
		num triangles      :  3716
		WARNING: # of 0 area faces found:  10
	processing begun of mesh:  石头组005
		processing begun of material:  rock.002
			WARNING: unsupported node type(ShaderNodeValToRGB) will trigger baking
			WARNING: unsupported node type(ShaderNodeMixRGB) will trigger baking
			WARNING: Metal channel baking required, but not possible, ignored
			WARNING: Roughness channel baking required, but not possible, ignored
			WARNING: Refraction channel baking required, but not possible, ignored
========= An error was encountered =========
  File "C:\Users\Walkman\AppData\Roaming\Blender Foundation\Blender\2.91\scripts\addons\babylon_js\json_exporter.py", line 115, in execute
    mesh = Mesh(object, scene, self)
  File "C:\Users\Walkman\AppData\Roaming\Blender Foundation\Blender\2.91\scripts\addons\babylon_js\mesh.py", line 146, in __init__
    recipe = BakingRecipe(bpyMesh, exporter)
  File "C:\Users\Walkman\AppData\Roaming\Blender Foundation\Blender\2.91\scripts\addons\babylon_js\materials\baking_recipe.py", line 105, in __init__
    self.bakedMaterial.bake(bpyMesh, self)
  File "C:\Users\Walkman\AppData\Roaming\Blender Foundation\Blender\2.91\scripts\addons\babylon_js\materials\material.py", line 139, in bake
    bpy.ops.uv.smart_project(angle_limit = 66.0, island_margin = 0.0, user_area_weight = 1.0, use_aspect = True, stretch_to_bounds = True)
  File "C:\Program Files\Blender Foundation\Blender 2.91\2.91\scripts\modules\bpy\ops.py", line 132, in __call__
    ret = _op_call(self.idname_py(), None, kw)
ERROR:  Converting py args to operator properties: : keyword "user_area_weight" unrecognized
========= end of processing =========
elapsed time:  0 min, 29.2842 secs
