Exporter version: 2.80.0, Blender version: 2.91.0
========= Conversion from Blender to Babylon.js =========
	Scene settings used :
		Inline textures     :  false
		Material Type       :  PBR
		Positions Precision :  4
		Normals Precision   :  3
		UVs Precision       :  3
		Vert Color Precision:  3
		Mat Weight Precision:  2
		Keep Z-up r-handed  :  no
		Texture directory   :  D:\CUIT\ForeEnd\jinx.babylonjs\blender\
			WARNING: unsupported node type(ShaderNodeTexChecker) will trigger baking
	Python World class constructor completed
	WARNING: No active camera has been assigned, or is not in a currently selected Blender layer
	processing begun of mesh:  Cube
		processing begun of material:  Material
		num positions      :  30
		num normals        :  30
		num tangents       :  0
		num uvs            :  60
		num uvs2           :  0
		num colors         :  0
		num triangles      :  12
	processing begun of mesh:  平面
		processing begun of material:  材质.001
		num positions      :  4
		num normals        :  4
		num tangents       :  0
		num uvs            :  8
		num uvs2           :  0
		num colors         :  0
		num triangles      :  2
	processing begun of mesh:  猴头
		WARNING: No materials have been assigned: 
		num positions      :  47071
		num normals        :  47071
		num tangents       :  0
		num uvs            :  94142
		num uvs2           :  0
		num colors         :  0
		num triangles      :  15744
	processing begun of mesh:  猴头.001
		WARNING: No materials have been assigned: 
		num positions      :  47071
		num normals        :  47071
		num tangents       :  0
		num uvs            :  94142
		num uvs2           :  0
		num colors         :  0
		num triangles      :  15744
	processing begun of mesh:  猴头.002
		WARNING: No materials have been assigned: 
		num positions      :  47071
		num normals        :  47071
		num tangents       :  0
		num uvs            :  94142
		num uvs2           :  0
		num colors         :  0
		num triangles      :  15744
	processing begun of mesh:  猴头.003
		processing begun of material:  材质
		num positions      :  8539
		num normals        :  8539
		num tangents       :  0
		num uvs            :  17078
		num uvs2           :  0
		num colors         :  0
		num triangles      :  15744
	processing begun of mesh:  猴头.004
		processing begun of material:  材质.002
			WARNING: unsupported node type(ShaderNodeTexMagic) will trigger baking
			Baking texture, type: DIFFUSE, mapped using: UV 贴图
			processing texture baked_004_DIFFUSE
				texture type:  diffuseTexture, mapped using: "UV 贴图"
			bake time:  0 min, 7.6767 secs
		num positions      :  47071
		num normals        :  47071
		num tangents       :  0
		num uvs            :  94142
		num uvs2           :  0
		num colors         :  0
		num triangles      :  15744
	processing begun of mesh:  猴头.005
		WARNING: No materials have been assigned: 
		num positions      :  47071
		num normals        :  47071
		num tangents       :  0
		num uvs            :  94142
		num uvs2           :  0
		num colors         :  0
		num triangles      :  15744
	processing begun of mesh:  猴头.006
		WARNING: No materials have been assigned: 
		num positions      :  47071
		num normals        :  47071
		num tangents       :  0
		num uvs            :  94142
		num uvs2           :  0
		num colors         :  0
		num triangles      :  15744
	processing begun of light (POINT):  Light
	processing begun of light (POINT):  Light.001
========= Writing of JSON file started =========
	writing mesh:  Cube
	writing mesh:  平面
	writing mesh:  猴头
	writing mesh:  猴头.001
	writing mesh:  猴头.002
	writing mesh:  猴头.003
	writing mesh:  猴头.004
	writing mesh:  猴头.005
	writing mesh:  猴头.006
========= Writing of JSON file completed =========
========= end of processing =========
elapsed time:  0 min, 15.8231 secs
