Exporter version: 2.80.0, Blender version: 2.91.0
========= Conversion from Blender to Babylon.js =========
	Scene settings used :
		Inline textures     :  false
		Material Type       :  PBR
		Positions Precision :  4
		Normals Precision   :  3
		UVs Precision       :  3
		Vert Color Precision:  3
		Mat Weight Precision:  2
		Keep Z-up r-handed  :  no
		Texture directory   :  C:\Repository\jinx.babylonjs\blender\
	Python World class constructor completed
	WARNING: No active camera has been assigned, or is not in a currently selected Blender layer
	processing begun of mesh:  棱角球.003
		processing begun of material:  材质
		num positions      :  960
		num normals        :  960
		num tangents       :  0
		num uvs            :  1920
		num uvs2           :  0
		num colors         :  0
		num triangles      :  320
	processing begun of mesh:  球体
		processing begun of material:  材质.001
		num positions      :  969
		num normals        :  969
		num tangents       :  0
		num uvs            :  1938
		num uvs2           :  0
		num colors         :  0
		num triangles      :  360
========= Writing of JSON file started =========
	writing mesh:  棱角球.003
	writing mesh:  球体
========= Writing of JSON file completed =========
========= end of processing =========
elapsed time:  0 min, 0.1544 secs
