Exporter version: 2.80.0, Blender version: 2.91.0
========= Conversion from Blender to Babylon.js =========
	Scene settings used :
		Inline textures     :  false
		Material Type       :  PBR
		Positions Precision :  4
		Normals Precision   :  3
		UVs Precision       :  3
		Vert Color Precision:  3
		Mat Weight Precision:  2
		Keep Z-up r-handed  :  no
		Texture directory   :  D:\CUIT\ForeEnd\jinx.babylonjs\blender\
	Python World class constructor completed
	WARNING: No active camera has been assigned, or is not in a currently selected Blender layer
	processing begun of mesh:  Quaking Aspen
		processing begun of material:  材质
		num positions      :  162186
		num normals        :  162186
		num tangents       :  0
		num uvs            :  324372
		num uvs2           :  0
		num colors         :  648744
		num triangles      :  153040
	processing begun of mesh:  American Beech
		processing begun of material:  材质.001
		num positions      :  536073
		num normals        :  536073
		num tangents       :  0
		num uvs            :  1072146
		num uvs2           :  0
		num colors         :  2144292
		num triangles      :  714768
========= Writing of JSON file started =========
	writing mesh:  Quaking Aspen
	writing mesh:  American Beech
========= Writing of JSON file completed =========
========= end of processing =========
elapsed time:  1 min, 36.0347 secs
