Exporter version: 2.80.0, Blender version: 2.91.0
========= Conversion from Blender to Babylon.js =========
	Scene settings used :
		Inline textures     :  false
		Material Type       :  PBR
		Positions Precision :  4
		Normals Precision   :  3
		UVs Precision       :  3
		Vert Color Precision:  3
		Mat Weight Precision:  2
		Keep Z-up r-handed  :  no
		Texture directory   :  D:\CUIT\ForeEnd\jinx.babylonjs\blender\
	Python World class constructor completed
	WARNING: No active camera has been assigned, or is not in a currently selected Blender layer
	processing begun of mesh:  Tree_LemonTree
		processing begun of material:  Bark_MeyerLemonTree
		processing begun of material:  Leaf_MeyerLemonTree
		processing begun of material:  Fruit_Lemon
		processing begun of multimaterial:  Tree_LemonTree.Multimaterial#0
		num positions      :  80046
		num normals        :  80046
		num tangents       :  0
		num uvs            :  160092
		num uvs2           :  160092
		num colors         :  0
		num triangles      :  65533
========= Writing of JSON file started =========
	writing mesh:  Tree_LemonTree
========= Writing of JSON file completed =========
========= end of processing =========
elapsed time:  0 min, 4.827 secs
